#
# There is insufficient memory for the Java Runtime Environment to continue.
# Native memory allocation (mmap) failed to map 65011712 bytes for G1 virtual space
# Possible reasons:
#   The system is out of physical RAM or swap space
#   The process is running with CompressedOops enabled, and the Java Heap may be blocking the growth of the native heap
# Possible solutions:
#   Reduce memory load on the system
#   Increase physical memory or swap space
#   Check if swap backing store is full
#   Decrease Java heap size (-Xmx/-Xms)
#   Decrease number of Java threads
#   Decrease Java thread stack sizes (-Xss)
#   Set larger code cache with -XX:ReservedCodeCacheSize=
#   JVM is running with Unscaled Compressed Oops mode in which the Java heap is
#     placed in the first 4GB address space. The Java Heap base address is the
#     maximum limit for the native heap growth. Please use -XX:HeapBaseMinAddress
#     to set the Java Heap base and to place the Java Heap above 4GB virtual address.
# This output file may be truncated or incomplete.
#
#  Out of Memory Error (os_windows.cpp:3541), pid=54672, tid=45032
#
# JRE version:  (17.0.4.1+1) (build )
# Java VM: OpenJDK 64-Bit Server VM (17.0.4.1+1, mixed mode, sharing, tiered, compressed oops, compressed class ptrs, g1 gc, windows-amd64)
# No core dump will be written. Minidumps are not enabled by default on client versions of Windows
#

---------------  S U M M A R Y ------------

Command Line: funcao.Exemplo

Host: 11th Gen Intel(R) Core(TM) i3-1115G4 @ 3.00GHz, 4 cores, 3G,  Windows 11 , 64 bit Build 22621 (10.0.22621.1194)
Time: Fri Apr 28 09:23:59 2023 Hora oficial do Brasil elapsed time: 0.013657 seconds (0d 0h 0m 0s)

---------------  T H R E A D  ---------------

Current thread (0x00000229365d15a0):  JavaThread "Unknown thread" [_thread_in_vm, id=45032, stack(0x000000eb66f00000,0x000000eb67000000)]

Stack: [0x000000eb66f00000,0x000000eb67000000]
Native frames: (J=compiled Java code, j=interpreted, Vv=VM code, C=native code)
V  [jvm.dll+0x67731a]
V  [jvm.dll+0x832284]
V  [jvm.dll+0x833a2e]
V  [jvm.dll+0x834093]
V  [jvm.dll+0x245775]
V  [jvm.dll+0x674209]
V  [jvm.dll+0x668a92]
V  [jvm.dll+0x30471b]
V  [jvm.dll+0x30bc66]
V  [jvm.dll+0x35ba9e]
V  [jvm.dll+0x35bccf]
V  [jvm.dll+0x2db5b8]
V  [jvm.dll+0x2dc524]
V  [jvm.dll+0x803db1]
V  [jvm.dll+0x3698f1]
V  [jvm.dll+0x7e31bc]
V  [jvm.dll+0x3ec25f]
V  [jvm.dll+0x3edde1]
C  [jli.dll+0x5277]
C  [ucrtbase.dll+0x29363]
C  [KERNEL32.DLL+0x126bd]
C  [ntdll.dll+0x5dfb8]


---------------  P R O C E S S  ---------------

Threads class SMR info:
_java_thread_list=0x00007ffec72c4e98, length=0, elements={
}

Java Threads: ( => current thread )

Other Threads:
  0x000002293660c190 GCTaskThread "GC Thread#0" [stack: 0x000000eb67000000,0x000000eb67100000] [id=23700]
  0x00000229366159a0 ConcurrentGCThread "G1 Main Marker" [stack: 0x000000eb67100000,0x000000eb67200000] [id=46148]
  0x0000022936616410 ConcurrentGCThread "G1 Conc#0" [stack: 0x000000eb67200000,0x000000eb67300000] [id=51696]

[error occurred during error reporting (printing all threads), id 0xc0000005, EXCEPTION_ACCESS_VIOLATION (0xc0000005) at pc=0x00007ffec6a9c047]

VM state: not at safepoint (not fully initialized)

VM Mutex/Monitor currently owned by a thread:  ([mutex/lock_event])
[0x00000229365cbda0] Heap_lock - owner thread: 0x00000229365d15a0

Heap address: 0x00000000c3200000, size: 974 MB, Compressed Oops mode: 32-bit

CDS archive(s) mapped at: [0x0000000000000000-0x0000000000000000-0x0000000000000000), size 0, SharedBaseAddress: 0x0000000800000000, ArchiveRelocationMode: 0.
Narrow klass base: 0x0000000000000000, Narrow klass shift: 0, Narrow klass range: 0x0

GC Precious Log:
<Empty>

Heap:
 garbage-first heap   total 0K, used 0K [0x00000000c3200000, 0x0000000100000000)
  region size 1024K, 0 young (0K), 0 survivors (0K)

[error occurred during error reporting (printing heap information), id 0xc0000005, EXCEPTION_ACCESS_VIOLATION (0xc0000005) at pc=0x00007ffec6e80699]

GC Heap History (0 events):
No events

Deoptimization events (0 events):
No events

Classes unloaded (0 events):
No events

Classes redefined (0 events):
No events

Internal exceptions (0 events):
No events

VM Operations (0 events):
No events

Events (1 events):
Event: 0.007 Loaded shared library C:\Program Files\Eclipse Adoptium\jdk-17.0.4.101-hotspot\bin\java.dll


Dynamic libraries:
0x00007ff728510000 - 0x00007ff72851e000 	C:\Program Files\Eclipse Adoptium\jdk-17.0.4.101-hotspot\bin\java.exe
0x00007fff40df0000 - 0x00007fff41004000 	C:\WINDOWS\SYSTEM32\ntdll.dll
0x00007fff3fe20000 - 0x00007fff3fee3000 	C:\WINDOWS\System32\KERNEL32.DLL
0x00007fff3e770000 - 0x00007fff3eb0c000 	C:\WINDOWS\System32\KERNELBASE.dll
0x00007fff3e490000 - 0x00007fff3e5a1000 	C:\WINDOWS\System32\ucrtbase.dll
0x00007fff2ca50000 - 0x00007fff2ca69000 	C:\Program Files\Eclipse Adoptium\jdk-17.0.4.101-hotspot\bin\VCRUNTIME140.dll
0x00007fff2ca30000 - 0x00007fff2ca48000 	C:\Program Files\Eclipse Adoptium\jdk-17.0.4.101-hotspot\bin\jli.dll
0x00007fff3fef0000 - 0x00007fff4009d000 	C:\WINDOWS\System32\USER32.dll
0x00007fff3ebd0000 - 0x00007fff3ebf6000 	C:\WINDOWS\System32\win32u.dll
0x00007fff33010000 - 0x00007fff3329e000 	C:\WINDOWS\WinSxS\amd64_microsoft.windows.common-controls_6595b64144ccf1df_6.0.22621.608_none_a9444ca7c10bb01d\COMCTL32.dll
0x00007fff3f930000 - 0x00007fff3f959000 	C:\WINDOWS\System32\GDI32.dll
0x00007fff3e650000 - 0x00007fff3e762000 	C:\WINDOWS\System32\gdi32full.dll
0x00007fff3ecc0000 - 0x00007fff3ed67000 	C:\WINDOWS\System32\msvcrt.dll
0x00007fff3e5b0000 - 0x00007fff3e64a000 	C:\WINDOWS\System32\msvcp_win.dll
0x00007fff40150000 - 0x00007fff40182000 	C:\WINDOWS\System32\IMM32.DLL
0x00007fff2f3d0000 - 0x00007fff2f3dc000 	C:\Program Files\Eclipse Adoptium\jdk-17.0.4.101-hotspot\bin\vcruntime140_1.dll
0x00007fff27a40000 - 0x00007fff27ad1000 	C:\Program Files\Eclipse Adoptium\jdk-17.0.4.101-hotspot\bin\msvcp140.dll
0x00007ffec67b0000 - 0x00007ffec73f6000 	C:\Program Files\Eclipse Adoptium\jdk-17.0.4.101-hotspot\bin\server\jvm.dll
0x00007fff3f870000 - 0x00007fff3f91e000 	C:\WINDOWS\System32\ADVAPI32.dll
0x00007fff3f1f0000 - 0x00007fff3f294000 	C:\WINDOWS\System32\sechost.dll
0x00007fff40c90000 - 0x00007fff40da5000 	C:\WINDOWS\System32\RPCRT4.dll
0x00007fff3f920000 - 0x00007fff3f928000 	C:\WINDOWS\System32\PSAPI.DLL
0x00007fff36bc0000 - 0x00007fff36bf4000 	C:\WINDOWS\SYSTEM32\WINMM.dll
0x00007fff3b180000 - 0x00007fff3b189000 	C:\WINDOWS\SYSTEM32\WSOCK32.dll
0x00007fff35b30000 - 0x00007fff35b3a000 	C:\WINDOWS\SYSTEM32\VERSION.dll
0x00007fff40c10000 - 0x00007fff40c81000 	C:\WINDOWS\System32\WS2_32.dll
0x00007fff3d280000 - 0x00007fff3d298000 	C:\WINDOWS\SYSTEM32\kernel.appcore.dll
0x00007fff2f2f0000 - 0x00007fff2f2fa000 	C:\Program Files\Eclipse Adoptium\jdk-17.0.4.101-hotspot\bin\jimage.dll
0x00007fff3bb50000 - 0x00007fff3bd7e000 	C:\WINDOWS\SYSTEM32\DBGHELP.DLL
0x00007fff3fa80000 - 0x00007fff3fe0a000 	C:\WINDOWS\System32\combase.dll
0x00007fff3f790000 - 0x00007fff3f867000 	C:\WINDOWS\System32\OLEAUT32.dll
0x00007fff27eb0000 - 0x00007fff27ee2000 	C:\WINDOWS\SYSTEM32\dbgcore.DLL
0x00007fff3e230000 - 0x00007fff3e2ab000 	C:\WINDOWS\System32\bcryptPrimitives.dll
0x00007fff27d10000 - 0x00007fff27d35000 	C:\Program Files\Eclipse Adoptium\jdk-17.0.4.101-hotspot\bin\java.dll

dbghelp: loaded successfully - version: 4.0.5 - missing functions: none
symbol engine: initialized successfully - sym options: 0x614 - pdb path: .;C:\Program Files\Eclipse Adoptium\jdk-17.0.4.101-hotspot\bin;C:\WINDOWS\SYSTEM32;C:\WINDOWS\WinSxS\amd64_microsoft.windows.common-controls_6595b64144ccf1df_6.0.22621.608_none_a9444ca7c10bb01d;C:\Program Files\Eclipse Adoptium\jdk-17.0.4.101-hotspot\bin\server

VM Arguments:
java_command: funcao.Exemplo
java_class_path (initial): C:\Users\maiad\OneDrive\Documentos\NetBeansProjects\funcao\target\classes
Launcher Type: SUN_STANDARD

[Global flags]
     intx CICompilerCount                          = 3                                         {product} {ergonomic}
     uint ConcGCThreads                            = 1                                         {product} {ergonomic}
     uint G1ConcRefinementThreads                  = 4                                         {product} {ergonomic}
   size_t G1HeapRegionSize                         = 1048576                                   {product} {ergonomic}
    uintx GCDrainStackTargetSize                   = 64                                        {product} {ergonomic}
   size_t InitialHeapSize                          = 65011712                                  {product} {ergonomic}
   size_t MarkStackSize                            = 4194304                                   {product} {ergonomic}
   size_t MaxHeapSize                              = 1021313024                                {product} {ergonomic}
   size_t MinHeapDeltaBytes                        = 1048576                                   {product} {ergonomic}
   size_t MinHeapSize                              = 8388608                                   {product} {ergonomic}
    uintx NonNMethodCodeHeapSize                   = 5832780                                {pd product} {ergonomic}
    uintx NonProfiledCodeHeapSize                  = 122912730                              {pd product} {ergonomic}
    uintx ProfiledCodeHeapSize                     = 122912730                              {pd product} {ergonomic}
    uintx ReservedCodeCacheSize                    = 251658240                              {pd product} {ergonomic}
     bool SegmentedCodeCache                       = true                                      {product} {ergonomic}
   size_t SoftMaxHeapSize                          = 1021313024                             {manageable} {ergonomic}
     bool UseCompressedClassPointers               = true                           {product lp64_product} {ergonomic}
     bool UseCompressedOops                        = true                           {product lp64_product} {ergonomic}
     bool UseG1GC                                  = true                                      {product} {ergonomic}
     bool UseLargePagesIndividualAllocation        = false                                  {pd product} {ergonomic}

Logging:
Log output configuration:
 #0: stdout all=warning uptime,level,tags
 #1: stderr all=off uptime,level,tags

Environment Variables:
JAVA_HOME=C:\Program Files\Eclipse Adoptium\jdk-17.0.4.101-hotspot
PATH=C:\Program Files\Eclipse Adoptium\jdk-17.0.4.101-hotspot\bin;C:\WINDOWS\system32;C:\WINDOWS;C:\WINDOWS\System32\Wbem;C:\WINDOWS\System32\WindowsPowerShell\v1.0\;C:\WINDOWS\System32\OpenSSH\;C:\Users\maiad\AppData\Local\Microsoft\WindowsApps;
USERNAME=maiad
OS=Windows_NT
PROCESSOR_IDENTIFIER=Intel64 Family 6 Model 140 Stepping 1, GenuineIntel
TMP=C:\Users\maiad\AppData\Local\Temp
TEMP=C:\Users\maiad\AppData\Local\Temp



---------------  S Y S T E M  ---------------

OS:
 Windows 11 , 64 bit Build 22621 (10.0.22621.1194)
OS uptime: 17 days 0:12 hours

CPU: total 4 (initial active 4) (2 cores per cpu, 2 threads per core) family 6 model 140 stepping 1 microcode 0x8a, cx8, cmov, fxsr, ht, mmx, 3dnowpref, sse, sse2, sse3, ssse3, sse4.1, sse4.2, popcnt, lzcnt, tsc, tscinvbit, avx, avx2, aes, erms, clmul, bmi1, bmi2, adx, avx512f, avx512dq, avx512cd, avx512bw, avx512vl, sha, fma, vzeroupper, avx512_vpopcntdq, avx512_vpclmulqdq, avx512_vaes, avx512_vnni, clflush, clflushopt, clwb, avx512_vbmi2, avx512_vbmi

Memory: 4k page, system-wide physical 3895M (144M free)
TotalPageFile size 15671M (AvailPageFile size 18M)
current process WorkingSet (physical memory assigned to process): 10M, peak: 10M
current process commit charge ("private bytes"): 51M, peak: 113M

vm_info: OpenJDK 64-Bit Server VM (17.0.4.1+1) for windows-amd64 JRE (17.0.4.1+1), built on Aug 17 2022 07:42:43 by "temurin" with MS VC++ 16.7 (VS2019)

END.
